android/app/build/outputs/mapping/release/seeds.txt
com.google.android.recaptcha.internal.zzle: byte[] zzl()
com.google.android.recaptcha.internal.zzsh: zzsh(com.google.android.recaptcha.internal.zzsn)
com.google.firebase.firestore.core.FieldFilter$Operator: FieldFilter$Operator(java.lang.String,int,java.lang.String)
com.google.android.recaptcha.internal.zzkv: com.google.android.recaptcha.internal.zznk zzd(int)
com.google.android.gms.internal.firebase-auth-api.zzyy: zzyy()
com.google.android.gms.internal.firebase-auth-api.zzaj: int hashCode()
com.google.android.recaptcha.internal.zzlf: int zzd()
com.google.android.gms.internal.firebase-auth-api.zzqz: zzqz(com.google.android.gms.internal.firebase-auth-api.zzpg)
com.google.android.gms.internal.firebase-auth-api.zzaco: zzaco()
com.google.android.play.core.integrity.bc: java.lang.Object a()
com.google.android.gms.internal.firebase-auth-api.zzzv: void zzd(com.google.android.gms.internal.firebase-auth-api.zzagn,com.google.android.gms.internal.firebase-auth-api.zzadp)
androidx.vectordrawable.graphics.drawable.VectorDrawableCompat$VPath: java.lang.String getPathName()
com.google.gson.JsonParser: com.google.gson.JsonElement parseString(java.lang.String)
com.google.android.gms.internal.firebase-auth-api.zzq: zzq(java.util.regex.Matcher)
com.google.firebase.firestore.proto.WriteBatch: int getBatchId()
com.google.android.recaptcha.internal.zzdt: java.lang.String zzp(com.google.android.recaptcha.internal.zzdt)
com.google.android.gms.internal.firebase-auth-api.zzvb: com.google.android.gms.internal.firebase-auth-api.zzvh zze()
com.google.android.gms.internal.fido.zzba: java.util.Collection values()
com.google.android.recaptcha.internal.zzmo: zzmo(boolean)
com.google.firebase.components.Dependency: boolean isDirectInjection()
com.google.android.gms.internal.auth-api.zbt: void zbc(com.google.android.gms.internal.auth-api.zbs,com.google.android.gms.internal.auth-api.zbp)
com.google.firebase.firestore.FirebaseFirestore: com.google.android.gms.tasks.Task lambda$setIndexConfiguration$0(java.util.List,com.google.firebase.firestore.core.FirestoreClient)
com.google.firebase.components.ComponentDiscovery: com.google.firebase.components.ComponentRegistrar instantiate(java.lang.String)
com.google.gson.internal.bind.JsonTreeWriter: com.google.gson.stream.JsonWriter name(java.lang.String)
com.google.firebase.concurrent.SequentialExecutor: SequentialExecutor(java.util.concurrent.Executor)
com.google.android.gms.internal.fido.zzbg: com.google.android.gms.internal.fido.zzbg zzh(java.lang.Object,boolean)
com.google.gson.internal.bind.TypeAdapters$9: java.util.concurrent.atomic.AtomicBoolean read(com.google.gson.stream.JsonReader)
com.google.firebase.firestore.remote.AbstractStream$StreamObserver: void onNext(java.lang.Object)
com.google.android.gms.internal.firebase-auth-api.zzgn: com.google.android.gms.internal.firebase-auth-api.zzdr zza(com.google.android.gms.internal.firebase-auth-api.zzpm)
com.google.android.gms.internal.firebase-auth-api.zzhc: javax.crypto.Cipher zza()
androidx.lifecycle.ReportFragment$LifecycleCallbacks: void onActivityPaused(android.app.Activity)
com.google.firebase.auth.FirebaseUser: com.google.android.gms.tasks.Task updateProfile(com.google.firebase.auth.UserProfileChangeRequest)
com.google.firebase.firestore.remote.WatchChangeAggregator$BloomFilterApplicationStatus: com.google.firebase.firestore.remote.WatchChangeAggregator$BloomFilterApplicationStatus[] $values()
com.google.firebase.firestore.bundle.BundleDocument: com.google.firebase.firestore.model.MutableDocument getDocument()
com.google.android.gms.internal.auth.zzdh: com.google.android.gms.internal.auth.zzdh zzc()
com.google.android.gms.tasks.Task: java.lang.Exception getException()
com.google.android.gms.internal.firebase-auth-api.zzaiq: java.lang.Object remove(int)
com.google.android.gms.internal.firebase-auth-api.zzafx: java.lang.String zzb()
com.google.android.recaptcha.internal.zzli: long zzu()